{"/Users/pranjaltanwar/reactjs/src/components/Body.js": {"path":"/Users/pranjaltanwar/reactjs/src/components/Body.js","statementMap":{"0":{"start":{"line":11,"column":13},"end":{"line":114,"column":1}},"1":{"start":{"line":13,"column":51},"end":{"line":13,"column":63}},"2":{"start":{"line":14,"column":55},"end":{"line":14,"column":67}},"3":{"start":{"line":15,"column":38},"end":{"line":15,"column":50}},"4":{"start":{"line":19,"column":2},"end":{"line":19,"column":50}},"5":{"start":{"line":21,"column":2},"end":{"line":23,"column":9}},"6":{"start":{"line":22,"column":4},"end":{"line":22,"column":16}},"7":{"start":{"line":25,"column":20},"end":{"line":40,"column":3}},"8":{"start":{"line":27,"column":17},"end":{"line":29,"column":5}},"9":{"start":{"line":31,"column":17},"end":{"line":31,"column":34}},"10":{"start":{"line":33,"column":4},"end":{"line":33,"column":22}},"11":{"start":{"line":34,"column":4},"end":{"line":36,"column":6}},"12":{"start":{"line":37,"column":4},"end":{"line":39,"column":6}},"13":{"start":{"line":42,"column":23},"end":{"line":42,"column":40}},"14":{"start":{"line":44,"column":2},"end":{"line":47,"column":6}},"15":{"start":{"line":45,"column":4},"end":{"line":47,"column":6}},"16":{"start":{"line":49,"column":40},"end":{"line":49,"column":63}},"17":{"start":{"line":55,"column":2},"end":{"line":55,"column":45}},"18":{"start":{"line":55,"column":26},"end":{"line":55,"column":45}},"19":{"start":{"line":56,"column":2},"end":{"line":113,"column":4}},"20":{"start":{"line":66,"column":14},"end":{"line":66,"column":44}},"21":{"start":{"line":72,"column":14},"end":{"line":72,"column":38}},"22":{"start":{"line":74,"column":42},"end":{"line":76,"column":15}},"23":{"start":{"line":75,"column":16},"end":{"line":75,"column":78}},"24":{"start":{"line":78,"column":14},"end":{"line":78,"column":57}},"25":{"start":{"line":90,"column":29},"end":{"line":90,"column":56}},"26":{"start":{"line":96,"column":10},"end":{"line":108,"column":17}}},"fnMap":{"0":{"name":"(anonymous_0)","decl":{"start":{"line":11,"column":13},"end":{"line":11,"column":14}},"loc":{"start":{"line":11,"column":19},"end":{"line":114,"column":1}},"line":11},"1":{"name":"(anonymous_1)","decl":{"start":{"line":21,"column":12},"end":{"line":21,"column":13}},"loc":{"start":{"line":21,"column":18},"end":{"line":23,"column":3}},"line":21},"2":{"name":"(anonymous_2)","decl":{"start":{"line":25,"column":20},"end":{"line":25,"column":21}},"loc":{"start":{"line":25,"column":32},"end":{"line":40,"column":3}},"line":25},"3":{"name":"(anonymous_3)","decl":{"start":{"line":65,"column":22},"end":{"line":65,"column":23}},"loc":{"start":{"line":65,"column":29},"end":{"line":67,"column":13}},"line":65},"4":{"name":"(anonymous_4)","decl":{"start":{"line":71,"column":21},"end":{"line":71,"column":22}},"loc":{"start":{"line":71,"column":27},"end":{"line":79,"column":13}},"line":71},"5":{"name":"(anonymous_5)","decl":{"start":{"line":74,"column":67},"end":{"line":74,"column":68}},"loc":{"start":{"line":75,"column":16},"end":{"line":75,"column":78}},"line":75},"6":{"name":"(anonymous_6)","decl":{"start":{"line":90,"column":22},"end":{"line":90,"column":23}},"loc":{"start":{"line":90,"column":29},"end":{"line":90,"column":56}},"line":90},"7":{"name":"(anonymous_7)","decl":{"start":{"line":95,"column":33},"end":{"line":95,"column":34}},"loc":{"start":{"line":96,"column":10},"end":{"line":108,"column":17}},"line":96}},"branchMap":{"0":{"loc":{"start":{"line":44,"column":2},"end":{"line":47,"column":6}},"type":"if","locations":[{"start":{"line":44,"column":2},"end":{"line":47,"column":6}},{"start":{},"end":{}}],"line":44},"1":{"loc":{"start":{"line":55,"column":2},"end":{"line":55,"column":45}},"type":"if","locations":[{"start":{"line":55,"column":2},"end":{"line":55,"column":45}},{"start":{},"end":{}}],"line":55}},"s":{"0":1,"1":2,"2":2,"3":2,"4":2,"5":2,"6":1,"7":2,"8":1,"9":1,"10":1,"11":1,"12":1,"13":2,"14":2,"15":0,"16":2,"17":2,"18":1,"19":1,"20":0,"21":0,"22":0,"23":0,"24":0,"25":0,"26":0},"f":{"0":2,"1":1,"2":1,"3":0,"4":0,"5":0,"6":0,"7":0},"b":{"0":[0,2],"1":[1,1]},"_coverageSchema":"1a1c01bbd47fc00a2c39e90264f33305004495a9","hash":"870d09931eb360352a7df7d25775956235e38ee5"}
,"/Users/pranjaltanwar/reactjs/src/components/Header.js": {"path":"/Users/pranjaltanwar/reactjs/src/components/Header.js","statementMap":{"0":{"start":{"line":8,"column":15},"end":{"line":46,"column":1}},"1":{"start":{"line":9,"column":42},"end":{"line":9,"column":59}},"2":{"start":{"line":10,"column":23},"end":{"line":10,"column":40}},"3":{"start":{"line":11,"column":23},"end":{"line":11,"column":46}},"4":{"start":{"line":13,"column":20},"end":{"line":13,"column":67}},"5":{"start":{"line":13,"column":43},"end":{"line":13,"column":66}},"6":{"start":{"line":14,"column":2},"end":{"line":14,"column":51}},"7":{"start":{"line":16,"column":2},"end":{"line":45,"column":4}},"8":{"start":{"line":34,"column":14},"end":{"line":34,"column":79}},"9":{"start":{"line":34,"column":39},"end":{"line":34,"column":76}}},"fnMap":{"0":{"name":"(anonymous_0)","decl":{"start":{"line":8,"column":15},"end":{"line":8,"column":16}},"loc":{"start":{"line":8,"column":21},"end":{"line":46,"column":1}},"line":8},"1":{"name":"(anonymous_1)","decl":{"start":{"line":13,"column":32},"end":{"line":13,"column":33}},"loc":{"start":{"line":13,"column":43},"end":{"line":13,"column":66}},"line":13},"2":{"name":"(anonymous_2)","decl":{"start":{"line":33,"column":21},"end":{"line":33,"column":22}},"loc":{"start":{"line":33,"column":27},"end":{"line":35,"column":13}},"line":33},"3":{"name":"(anonymous_3)","decl":{"start":{"line":34,"column":30},"end":{"line":34,"column":31}},"loc":{"start":{"line":34,"column":39},"end":{"line":34,"column":76}},"line":34}},"branchMap":{"0":{"loc":{"start":{"line":13,"column":43},"end":{"line":13,"column":66}},"type":"binary-expr","locations":[{"start":{"line":13,"column":43},"end":{"line":13,"column":60}},{"start":{"line":13,"column":64},"end":{"line":13,"column":66}}],"line":13},"1":{"loc":{"start":{"line":23,"column":47},"end":{"line":23,"column":72}},"type":"cond-expr","locations":[{"start":{"line":23,"column":62},"end":{"line":23,"column":65}},{"start":{"line":23,"column":68},"end":{"line":23,"column":72}}],"line":23},"2":{"loc":{"start":{"line":34,"column":39},"end":{"line":34,"column":76}},"type":"cond-expr","locations":[{"start":{"line":34,"column":58},"end":{"line":34,"column":66}},{"start":{"line":34,"column":69},"end":{"line":34,"column":76}}],"line":34}},"s":{"0":1,"1":4,"2":4,"3":4,"4":4,"5":7,"6":4,"7":4,"8":1,"9":1},"f":{"0":4,"1":7,"2":1,"3":1},"b":{"0":[7,0],"1":[4,0],"2":[1,0]},"_coverageSchema":"1a1c01bbd47fc00a2c39e90264f33305004495a9","hash":"11d732ac403aeb871206295ab6303d72ee0950da"}
,"/Users/pranjaltanwar/reactjs/src/components/RestaurantCard.js": {"path":"/Users/pranjaltanwar/reactjs/src/components/RestaurantCard.js","statementMap":{"0":{"start":{"line":5,"column":23},"end":{"line":27,"column":1}},"1":{"start":{"line":6,"column":22},"end":{"line":6,"column":27}},"2":{"start":{"line":8,"column":27},"end":{"line":8,"column":50}},"3":{"start":{"line":11,"column":4},"end":{"line":11,"column":17}},"4":{"start":{"line":13,"column":2},"end":{"line":26,"column":4}}},"fnMap":{"0":{"name":"(anonymous_0)","decl":{"start":{"line":5,"column":23},"end":{"line":5,"column":24}},"loc":{"start":{"line":5,"column":34},"end":{"line":27,"column":1}},"line":5}},"branchMap":{},"s":{"0":2,"1":1,"2":1,"3":1,"4":1},"f":{"0":1},"b":{},"_coverageSchema":"1a1c01bbd47fc00a2c39e90264f33305004495a9","hash":"a7f0b506a4180c3d2bdb6f0f28bda206d2a40d30"}
,"/Users/pranjaltanwar/reactjs/src/components/RestaurantMenu.js": {"path":"/Users/pranjaltanwar/reactjs/src/components/RestaurantMenu.js","statementMap":{"0":{"start":{"line":7,"column":23},"end":{"line":66,"column":1}},"1":{"start":{"line":8,"column":32},"end":{"line":8,"column":46}},"2":{"start":{"line":10,"column":16},"end":{"line":10,"column":28}},"3":{"start":{"line":12,"column":20},"end":{"line":12,"column":31}},"4":{"start":{"line":14,"column":36},"end":{"line":14,"column":50}},"5":{"start":{"line":16,"column":2},"end":{"line":28,"column":14}},"6":{"start":{"line":17,"column":22},"end":{"line":25,"column":5}},"7":{"start":{"line":18,"column":6},"end":{"line":24,"column":7}},"8":{"start":{"line":19,"column":25},"end":{"line":19,"column":53}},"9":{"start":{"line":20,"column":21},"end":{"line":20,"column":42}},"10":{"start":{"line":21,"column":8},"end":{"line":21,"column":25}},"11":{"start":{"line":23,"column":8},"end":{"line":23,"column":54}},"12":{"start":{"line":27,"column":4},"end":{"line":27,"column":16}},"13":{"start":{"line":30,"column":2},"end":{"line":30,"column":35}},"14":{"start":{"line":30,"column":16},"end":{"line":30,"column":35}},"15":{"start":{"line":32,"column":19},"end":{"line":33,"column":22}},"16":{"start":{"line":32,"column":56},"end":{"line":32,"column":78}},"17":{"start":{"line":35,"column":21},"end":{"line":39,"column":5}},"18":{"start":{"line":36,"column":21},"end":{"line":36,"column":38}},"19":{"start":{"line":38,"column":6},"end":{"line":38,"column":56}},"20":{"start":{"line":41,"column":2},"end":{"line":41,"column":51}},"21":{"start":{"line":41,"column":32},"end":{"line":41,"column":51}},"22":{"start":{"line":43,"column":29},"end":{"line":43,"column":37}},"23":{"start":{"line":45,"column":2},"end":{"line":65,"column":4}},"24":{"start":{"line":51,"column":8},"end":{"line":62,"column":10}},"25":{"start":{"line":58,"column":12},"end":{"line":58,"column":77}},"26":{"start":{"line":58,"column":41},"end":{"line":58,"column":75}}},"fnMap":{"0":{"name":"(anonymous_0)","decl":{"start":{"line":7,"column":23},"end":{"line":7,"column":24}},"loc":{"start":{"line":7,"column":29},"end":{"line":66,"column":1}},"line":7},"1":{"name":"(anonymous_1)","decl":{"start":{"line":16,"column":12},"end":{"line":16,"column":13}},"loc":{"start":{"line":16,"column":18},"end":{"line":28,"column":3}},"line":16},"2":{"name":"(anonymous_2)","decl":{"start":{"line":17,"column":22},"end":{"line":17,"column":23}},"loc":{"start":{"line":17,"column":34},"end":{"line":25,"column":5}},"line":17},"3":{"name":"(anonymous_3)","decl":{"start":{"line":32,"column":46},"end":{"line":32,"column":47}},"loc":{"start":{"line":32,"column":56},"end":{"line":32,"column":78}},"line":32},"4":{"name":"(anonymous_4)","decl":{"start":{"line":36,"column":11},"end":{"line":36,"column":12}},"loc":{"start":{"line":36,"column":21},"end":{"line":36,"column":38}},"line":36},"5":{"name":"(anonymous_5)","decl":{"start":{"line":37,"column":56},"end":{"line":37,"column":57}},"loc":{"start":{"line":38,"column":6},"end":{"line":38,"column":56}},"line":38},"6":{"name":"(anonymous_6)","decl":{"start":{"line":50,"column":22},"end":{"line":50,"column":23}},"loc":{"start":{"line":51,"column":8},"end":{"line":62,"column":10}},"line":51},"7":{"name":"(anonymous_7)","decl":{"start":{"line":57,"column":24},"end":{"line":57,"column":25}},"loc":{"start":{"line":58,"column":12},"end":{"line":58,"column":77}},"line":58},"8":{"name":"(anonymous_8)","decl":{"start":{"line":58,"column":25},"end":{"line":58,"column":26}},"loc":{"start":{"line":58,"column":41},"end":{"line":58,"column":75}},"line":58}},"branchMap":{"0":{"loc":{"start":{"line":30,"column":2},"end":{"line":30,"column":35}},"type":"if","locations":[{"start":{"line":30,"column":2},"end":{"line":30,"column":35}},{"start":{},"end":{}}],"line":30},"1":{"loc":{"start":{"line":41,"column":2},"end":{"line":41,"column":51}},"type":"if","locations":[{"start":{"line":41,"column":2},"end":{"line":41,"column":51}},{"start":{},"end":{}}],"line":41},"2":{"loc":{"start":{"line":41,"column":6},"end":{"line":41,"column":30}},"type":"binary-expr","locations":[{"start":{"line":41,"column":6},"end":{"line":41,"column":15}},{"start":{"line":41,"column":19},"end":{"line":41,"column":30}}],"line":41},"3":{"loc":{"start":{"line":58,"column":41},"end":{"line":58,"column":75}},"type":"cond-expr","locations":[{"start":{"line":58,"column":63},"end":{"line":58,"column":67}},{"start":{"line":58,"column":70},"end":{"line":58,"column":75}}],"line":58}},"s":{"0":1,"1":3,"2":3,"3":3,"4":3,"5":3,"6":1,"7":1,"8":1,"9":1,"10":1,"11":0,"12":1,"13":3,"14":1,"15":2,"16":6,"17":2,"18":10,"19":34,"20":2,"21":0,"22":2,"23":2,"24":26,"25":1,"26":1},"f":{"0":3,"1":1,"2":1,"3":6,"4":10,"5":34,"6":26,"7":1,"8":1},"b":{"0":[1,2],"1":[0,2],"2":[2,2],"3":[0,1]},"_coverageSchema":"1a1c01bbd47fc00a2c39e90264f33305004495a9","hash":"706599b022ec954c6cff05f2e00188851d43c8da"}
,"/Users/pranjaltanwar/reactjs/src/utils/appStore.js": {"path":"/Users/pranjaltanwar/reactjs/src/utils/appStore.js","statementMap":{"0":{"start":{"line":5,"column":17},"end":{"line":9,"column":2}}},"fnMap":{},"branchMap":{},"s":{"0":2},"f":{},"b":{},"_coverageSchema":"1a1c01bbd47fc00a2c39e90264f33305004495a9","hash":"f19fd820c63dbb9ba0341ac3df4b402c05077551"}
}
