TN:
SF:src/components/Body.js
FN:11,(anonymous_0)
FN:21,(anonymous_1)
FN:25,(anonymous_2)
FN:65,(anonymous_3)
FN:71,(anonymous_4)
FN:74,(anonymous_5)
FN:90,(anonymous_6)
FN:95,(anonymous_7)
FNF:8
FNH:3
FNDA:2,(anonymous_0)
FNDA:1,(anonymous_1)
FNDA:1,(anonymous_2)
FNDA:0,(anonymous_3)
FNDA:0,(anonymous_4)
FNDA:0,(anonymous_5)
FNDA:0,(anonymous_6)
FNDA:0,(anonymous_7)
DA:11,1
DA:13,2
DA:14,2
DA:15,2
DA:19,2
DA:21,2
DA:22,1
DA:25,2
DA:27,1
DA:31,1
DA:33,1
DA:34,1
DA:37,1
DA:42,2
DA:44,2
DA:45,0
DA:49,2
DA:55,2
DA:56,1
DA:66,0
DA:72,0
DA:74,0
DA:75,0
DA:78,0
DA:90,0
DA:96,0
LF:26
LH:18
BRDA:44,0,0,0
BRDA:44,0,1,2
BRDA:55,1,0,1
BRDA:55,1,1,1
BRF:4
BRH:3
end_of_record
TN:
SF:src/components/Header.js
FN:8,(anonymous_0)
FN:13,(anonymous_1)
FN:33,(anonymous_2)
FN:34,(anonymous_3)
FNF:4
FNH:4
FNDA:4,(anonymous_0)
FNDA:7,(anonymous_1)
FNDA:1,(anonymous_2)
FNDA:1,(anonymous_3)
DA:8,1
DA:9,4
DA:10,4
DA:11,4
DA:13,7
DA:14,4
DA:16,4
DA:34,1
LF:8
LH:8
BRDA:13,0,0,7
BRDA:13,0,1,0
BRDA:23,1,0,4
BRDA:23,1,1,0
BRDA:34,2,0,1
BRDA:34,2,1,0
BRF:6
BRH:3
end_of_record
TN:
SF:src/components/RestaurantCard.js
FN:5,(anonymous_0)
FNF:1
FNH:1
FNDA:1,(anonymous_0)
DA:5,2
DA:6,1
DA:8,1
DA:11,1
DA:13,1
LF:5
LH:5
BRF:0
BRH:0
end_of_record
TN:
SF:src/components/RestaurantMenu.js
FN:7,(anonymous_0)
FN:16,(anonymous_1)
FN:17,(anonymous_2)
FN:32,(anonymous_3)
FN:36,(anonymous_4)
FN:37,(anonymous_5)
FN:50,(anonymous_6)
FN:57,(anonymous_7)
FN:58,(anonymous_8)
FNF:9
FNH:9
FNDA:3,(anonymous_0)
FNDA:1,(anonymous_1)
FNDA:1,(anonymous_2)
FNDA:6,(anonymous_3)
FNDA:10,(anonymous_4)
FNDA:34,(anonymous_5)
FNDA:26,(anonymous_6)
FNDA:1,(anonymous_7)
FNDA:1,(anonymous_8)
DA:7,1
DA:8,3
DA:10,3
DA:12,3
DA:14,3
DA:16,3
DA:17,1
DA:18,1
DA:19,1
DA:20,1
DA:21,1
DA:23,0
DA:27,1
DA:30,3
DA:32,6
DA:35,2
DA:36,10
DA:38,34
DA:41,2
DA:43,2
DA:45,2
DA:51,26
DA:58,1
LF:23
LH:22
BRDA:30,0,0,1
BRDA:30,0,1,2
BRDA:41,1,0,0
BRDA:41,1,1,2
BRDA:41,2,0,2
BRDA:41,2,1,2
BRDA:58,3,0,0
BRDA:58,3,1,1
BRF:8
BRH:6
end_of_record
TN:
SF:src/utils/appStore.js
FNF:0
FNH:0
DA:5,2
LF:1
LH:1
BRF:0
BRH:0
end_of_record
